<?xml version="1.0" encoding="utf-8"?><testsuites name="pytest tests"><testsuite name="pytest" errors="0" failures="0" skipped="0" tests="20" time="1.614" timestamp="2026-01-30T21:29:12.690208+00:00" hostname="agent-env-78ec28de-31b0-4b8d-8955-2b4f128ac6e6"><testcase classname="backend.tests.test_admin_api.TestHealthCheck" name="test_api_root" time="0.082" /><testcase classname="backend.tests.test_admin_api.TestAdminAuth" name="test_admin_register_new" time="0.080" /><testcase classname="backend.tests.test_admin_api.TestAdminAuth" name="test_admin_register_duplicate" time="0.086" /><testcase classname="backend.tests.test_admin_api.TestAdminAuth" name="test_admin_login_success" time="0.080" /><testcase classname="backend.tests.test_admin_api.TestAdminAuth" name="test_admin_login_invalid_credentials" time="0.043" /><testcase classname="backend.tests.test_admin_api.TestAdminAuth" name="test_admin_me_endpoint" time="0.047" /><testcase classname="backend.tests.test_admin_api.TestAdminAuth" name="test_admin_me_without_token" time="0.038" /><testcase classname="backend.tests.test_admin_api.TestLeadsAPI" name="test_create_lead" time="0.043" /><testcase classname="backend.tests.test_admin_api.TestLeadsAPI" name="test_get_all_leads" time="0.076" /><testcase classname="backend.tests.test_admin_api.TestLeadsAPI" name="test_get_leads_with_status_filter" time="0.041" /><testcase classname="backend.tests.test_admin_api.TestLeadsAPI" name="test_update_lead_status" time="0.120" /><testcase classname="backend.tests.test_admin_api.TestLeadsAPI" name="test_update_lead_invalid_status" time="0.115" /><testcase classname="backend.tests.test_admin_api.TestCallsAPI" name="test_create_call" time="0.071" /><testcase classname="backend.tests.test_admin_api.TestCallsAPI" name="test_get_all_calls" time="0.077" /><testcase classname="backend.tests.test_admin_api.TestLiveChatAPI" name="test_create_livechat" time="0.063" /><testcase classname="backend.tests.test_admin_api.TestLiveChatAPI" name="test_get_all_livechats" time="0.081" /><testcase classname="backend.tests.test_admin_api.TestDashboardAPI" name="test_get_dashboard_stats" time="0.080" /><testcase classname="backend.tests.test_admin_api.TestDashboardAPI" name="test_dashboard_without_auth" time="0.041" /><testcase classname="backend.tests.test_admin_api.TestAIConversationsAPI" name="test_get_ai_conversations" time="0.082" /><testcase classname="backend.tests.test_admin_api.TestCSVExport" name="test_export_leads_csv" time="0.077" /></testsuite></testsuites>